

============================== 2022-11-30 09:35:12.020095 | 31c72faa-de33-426c-b1fd-56f2826ef6b4 ==============================
[0m09:35:12.020095 [info ] [MainThread]: Running with dbt=1.3.1
[0m09:35:12.021095 [debug] [MainThread]: running dbt with arguments {'write_json': True, 'use_colors': True, 'printer_width': 80, 'version_check': True, 'partial_parse': True, 'static_parser': True, 'profiles_dir': 'C:\\Users\\frede\\.dbt', 'send_anonymous_usage_stats': True, 'event_buffer_size': 100000, 'quiet': False, 'no_print': False, 'project_name': 'etl', 'skip_profile_setup': False, 'which': 'init', 'indirect_selection': 'eager'}
[0m09:35:12.021095 [debug] [MainThread]: Tracking: tracking
[0m09:35:12.022155 [debug] [MainThread]: Sending event: {'category': 'dbt', 'action': 'invocation', 'label': 'start', 'context': [<snowplow_tracker.self_describing_json.SelfDescribingJson object at 0x000001AEBBBA5048>, <snowplow_tracker.self_describing_json.SelfDescribingJson object at 0x000001AEBBBA52C8>, <snowplow_tracker.self_describing_json.SelfDescribingJson object at 0x000001AEBBBA5288>]}
[0m09:35:12.036102 [debug] [MainThread]: Starter project path: c:\users\frede\appdata\local\programs\python\python37\lib\site-packages\dbt\include\starter_project
[0m09:35:17.792845 [info ] [MainThread]: Profile etl written to C:\Users\frede\.dbt\profiles.yml using target's sample configuration. Once updated, you'll be able to start developing with dbt.
[0m09:35:17.793856 [info ] [MainThread]: 
Your new dbt project "etl" was created!

For more information on how to configure the profiles.yml file,
please consult the dbt documentation here:

  https://docs.getdbt.com/docs/configure-your-profile

One more thing:

Need help? Don't hesitate to reach out to us via GitHub issues or on Slack:

  https://community.getdbt.com/

Happy modeling!

[0m09:35:17.795845 [debug] [MainThread]: Sending event: {'category': 'dbt', 'action': 'invocation', 'label': 'end', 'context': [<snowplow_tracker.self_describing_json.SelfDescribingJson object at 0x000001AEBBBA5288>, <snowplow_tracker.self_describing_json.SelfDescribingJson object at 0x000001AEBBBA5988>, <snowplow_tracker.self_describing_json.SelfDescribingJson object at 0x000001AEBBBA5908>]}
[0m09:35:17.795845 [debug] [MainThread]: Flushing usage events


============================== 2022-11-30 09:39:32.034111 | 7def506f-d0fd-47c3-a795-6c7cee37f025 ==============================
[0m09:39:32.034111 [info ] [MainThread]: Running with dbt=1.3.1
[0m09:39:32.035109 [debug] [MainThread]: running dbt with arguments {'write_json': True, 'use_colors': True, 'printer_width': 80, 'version_check': True, 'partial_parse': True, 'static_parser': True, 'profiles_dir': 'C:\\Users\\frede\\.dbt', 'send_anonymous_usage_stats': True, 'event_buffer_size': 100000, 'quiet': False, 'no_print': False, 'config_dir': False, 'which': 'debug', 'indirect_selection': 'eager'}
[0m09:39:32.035109 [debug] [MainThread]: Tracking: tracking
[0m09:39:32.036107 [debug] [MainThread]: Sending event: {'category': 'dbt', 'action': 'invocation', 'label': 'start', 'context': [<snowplow_tracker.self_describing_json.SelfDescribingJson object at 0x0000026E092B8F48>, <snowplow_tracker.self_describing_json.SelfDescribingJson object at 0x0000026E092A1688>, <snowplow_tracker.self_describing_json.SelfDescribingJson object at 0x0000026E092900C8>]}
[0m09:39:32.108963 [debug] [MainThread]: Executing "git --help"
[0m09:39:32.164929 [debug] [MainThread]: STDOUT: "b"usage: git [--version] [--help] [-C <path>] [-c <name>=<value>]\n           [--exec-path[=<path>]] [--html-path] [--man-path] [--info-path]\n           [-p | --paginate | -P | --no-pager] [--no-replace-objects] [--bare]\n           [--git-dir=<path>] [--work-tree=<path>] [--namespace=<name>]\n           [--super-prefix=<path>] [--config-env=<name>=<envvar>]\n           <command> [<args>]\n\nThese are common Git commands used in various situations:\n\nstart a working area (see also: git help tutorial)\n   clone             Clone a repository into a new directory\n   init              Create an empty Git repository or reinitialize an existing one\n\nwork on the current change (see also: git help everyday)\n   add               Add file contents to the index\n   mv                Move or rename a file, a directory, or a symlink\n   restore           Restore working tree files\n   rm                Remove files from the working tree and from the index\n   sparse-checkout   Initialize and modify the sparse-checkout\n\nexamine the history and state (see also: git help revisions)\n   bisect            Use binary search to find the commit that introduced a bug\n   diff              Show changes between commits, commit and working tree, etc\n   grep              Print lines matching a pattern\n   log               Show commit logs\n   show              Show various types of objects\n   status            Show the working tree status\n\ngrow, mark and tweak your common history\n   branch            List, create, or delete branches\n   commit            Record changes to the repository\n   merge             Join two or more development histories together\n   rebase            Reapply commits on top of another base tip\n   reset             Reset current HEAD to the specified state\n   switch            Switch branches\n   tag               Create, list, delete or verify a tag object signed with GPG\n\ncollaborate (see also: git help workflows)\n   fetch             Download objects and refs from another repository\n   pull              Fetch from and integrate with another repository or a local branch\n   push              Update remote refs along with associated objects\n\n'git help -a' and 'git help -g' list available subcommands and some\nconcept guides. See 'git help <command>' or 'git help <concept>'\nto read about a specific subcommand or concept.\nSee 'git help git' for an overview of the system.\n""
[0m09:39:32.164929 [debug] [MainThread]: STDERR: "b''"
[0m09:39:32.170930 [debug] [MainThread]: Sending event: {'category': 'dbt', 'action': 'invocation', 'label': 'end', 'context': [<snowplow_tracker.self_describing_json.SelfDescribingJson object at 0x0000026E092EB808>, <snowplow_tracker.self_describing_json.SelfDescribingJson object at 0x0000026E092F0148>, <snowplow_tracker.self_describing_json.SelfDescribingJson object at 0x0000026E092F00C8>]}
[0m09:39:32.171927 [debug] [MainThread]: Flushing usage events


============================== 2022-11-30 09:43:09.693943 | 03192938-9a26-46a8-8e0b-fda14795119e ==============================
[0m09:43:09.693943 [info ] [MainThread]: Running with dbt=1.3.1
[0m09:43:09.695866 [debug] [MainThread]: running dbt with arguments {'write_json': True, 'use_colors': True, 'printer_width': 80, 'version_check': True, 'partial_parse': True, 'static_parser': True, 'profiles_dir': 'C:\\Users\\frede\\.dbt', 'send_anonymous_usage_stats': True, 'event_buffer_size': 100000, 'quiet': False, 'no_print': False, 'config_dir': False, 'which': 'debug', 'indirect_selection': 'eager'}
[0m09:43:09.695866 [debug] [MainThread]: Tracking: tracking
[0m09:43:09.695866 [debug] [MainThread]: Sending event: {'category': 'dbt', 'action': 'invocation', 'label': 'start', 'context': [<snowplow_tracker.self_describing_json.SelfDescribingJson object at 0x0000021C3CCF8DC8>, <snowplow_tracker.self_describing_json.SelfDescribingJson object at 0x0000021C39457B08>, <snowplow_tracker.self_describing_json.SelfDescribingJson object at 0x0000021C3CCF80C8>]}
[0m09:43:09.722853 [debug] [MainThread]: Sending event: {'category': 'dbt', 'action': 'invocation', 'label': 'end', 'context': [<snowplow_tracker.self_describing_json.SelfDescribingJson object at 0x0000021C3CD4B548>, <snowplow_tracker.self_describing_json.SelfDescribingJson object at 0x0000021C3CD4B588>, <snowplow_tracker.self_describing_json.SelfDescribingJson object at 0x0000021C3CD4B648>]}
[0m09:43:09.722853 [debug] [MainThread]: Flushing usage events
[0m09:43:10.383424 [error] [MainThread]: Encountered an error:
Parsing Error
  Env var required but not provided: 'DBT_ENV_SECRET_PASSWORD'


============================== 2022-11-30 09:44:13.632981 | d568cecc-928f-43df-9f33-893748582d3a ==============================
[0m09:44:13.632981 [info ] [MainThread]: Running with dbt=1.3.1
[0m09:44:13.633997 [debug] [MainThread]: running dbt with arguments {'write_json': True, 'use_colors': True, 'printer_width': 80, 'version_check': True, 'partial_parse': True, 'static_parser': True, 'profiles_dir': 'C:\\Users\\frede\\.dbt', 'send_anonymous_usage_stats': True, 'event_buffer_size': 100000, 'quiet': False, 'no_print': False, 'config_dir': False, 'which': 'debug', 'indirect_selection': 'eager'}
[0m09:44:13.633997 [debug] [MainThread]: Tracking: tracking
[0m09:44:13.634862 [debug] [MainThread]: Sending event: {'category': 'dbt', 'action': 'invocation', 'label': 'start', 'context': [<snowplow_tracker.self_describing_json.SelfDescribingJson object at 0x0000017E356C8CC8>, <snowplow_tracker.self_describing_json.SelfDescribingJson object at 0x0000017E31E26BC8>, <snowplow_tracker.self_describing_json.SelfDescribingJson object at 0x0000017E356C8088>]}
[0m09:44:13.649972 [debug] [MainThread]: Sending event: {'category': 'dbt', 'action': 'invocation', 'label': 'end', 'context': [<snowplow_tracker.self_describing_json.SelfDescribingJson object at 0x0000017E3571B488>, <snowplow_tracker.self_describing_json.SelfDescribingJson object at 0x0000017E3571B4C8>, <snowplow_tracker.self_describing_json.SelfDescribingJson object at 0x0000017E3571B588>]}
[0m09:44:13.649972 [debug] [MainThread]: Flushing usage events
[0m09:44:14.406008 [error] [MainThread]: Encountered an error:
Parsing Error
  Env var required but not provided: 'DBT_ENV_SECRET_PASSWORD'


============================== 2022-11-30 09:45:09.940923 | 301ba687-158b-4186-81ec-cccdf2612533 ==============================
[0m09:45:09.940923 [info ] [MainThread]: Running with dbt=1.3.1
[0m09:45:09.941924 [debug] [MainThread]: running dbt with arguments {'write_json': True, 'use_colors': True, 'printer_width': 80, 'version_check': True, 'partial_parse': True, 'static_parser': True, 'profiles_dir': 'C:\\Users\\frede\\.dbt', 'send_anonymous_usage_stats': True, 'event_buffer_size': 100000, 'quiet': False, 'no_print': False, 'config_dir': False, 'which': 'debug', 'indirect_selection': 'eager'}
[0m09:45:09.941924 [debug] [MainThread]: Tracking: tracking
[0m09:45:09.942928 [debug] [MainThread]: Sending event: {'category': 'dbt', 'action': 'invocation', 'label': 'start', 'context': [<snowplow_tracker.self_describing_json.SelfDescribingJson object at 0x00000290B0B984C8>, <snowplow_tracker.self_describing_json.SelfDescribingJson object at 0x00000290B0B988C8>, <snowplow_tracker.self_describing_json.SelfDescribingJson object at 0x00000290B0B98908>]}
[0m09:45:09.958991 [debug] [MainThread]: Sending event: {'category': 'dbt', 'action': 'invocation', 'label': 'end', 'context': [<snowplow_tracker.self_describing_json.SelfDescribingJson object at 0x00000290B0BEB408>, <snowplow_tracker.self_describing_json.SelfDescribingJson object at 0x00000290B0BEB448>, <snowplow_tracker.self_describing_json.SelfDescribingJson object at 0x00000290B0BEB508>]}
[0m09:45:09.959922 [debug] [MainThread]: Flushing usage events
[0m09:45:10.598245 [error] [MainThread]: Encountered an error:
Parsing Error
  Env var required but not provided: 'DBT_ENV_SECRET_PASSWORD'


============================== 2022-11-30 09:46:05.202925 | 78b7a01a-6dd8-4b8a-8d7a-1db0e32eecf3 ==============================
[0m09:46:05.202925 [info ] [MainThread]: Running with dbt=1.3.1
[0m09:46:05.204925 [debug] [MainThread]: running dbt with arguments {'write_json': True, 'use_colors': True, 'printer_width': 80, 'version_check': True, 'partial_parse': True, 'static_parser': True, 'profiles_dir': 'C:\\Users\\frede\\.dbt', 'send_anonymous_usage_stats': True, 'event_buffer_size': 100000, 'quiet': False, 'no_print': False, 'config_dir': False, 'which': 'debug', 'indirect_selection': 'eager'}
[0m09:46:05.204925 [debug] [MainThread]: Tracking: tracking
[0m09:46:05.205926 [debug] [MainThread]: Sending event: {'category': 'dbt', 'action': 'invocation', 'label': 'start', 'context': [<snowplow_tracker.self_describing_json.SelfDescribingJson object at 0x000001E92FB18388>, <snowplow_tracker.self_describing_json.SelfDescribingJson object at 0x000001E92FAF0808>, <snowplow_tracker.self_describing_json.SelfDescribingJson object at 0x000001E92FAF0188>]}
[0m09:46:05.279927 [debug] [MainThread]: Executing "git --help"
[0m09:46:05.338931 [debug] [MainThread]: STDOUT: "b"usage: git [--version] [--help] [-C <path>] [-c <name>=<value>]\n           [--exec-path[=<path>]] [--html-path] [--man-path] [--info-path]\n           [-p | --paginate | -P | --no-pager] [--no-replace-objects] [--bare]\n           [--git-dir=<path>] [--work-tree=<path>] [--namespace=<name>]\n           [--super-prefix=<path>] [--config-env=<name>=<envvar>]\n           <command> [<args>]\n\nThese are common Git commands used in various situations:\n\nstart a working area (see also: git help tutorial)\n   clone             Clone a repository into a new directory\n   init              Create an empty Git repository or reinitialize an existing one\n\nwork on the current change (see also: git help everyday)\n   add               Add file contents to the index\n   mv                Move or rename a file, a directory, or a symlink\n   restore           Restore working tree files\n   rm                Remove files from the working tree and from the index\n   sparse-checkout   Initialize and modify the sparse-checkout\n\nexamine the history and state (see also: git help revisions)\n   bisect            Use binary search to find the commit that introduced a bug\n   diff              Show changes between commits, commit and working tree, etc\n   grep              Print lines matching a pattern\n   log               Show commit logs\n   show              Show various types of objects\n   status            Show the working tree status\n\ngrow, mark and tweak your common history\n   branch            List, create, or delete branches\n   commit            Record changes to the repository\n   merge             Join two or more development histories together\n   rebase            Reapply commits on top of another base tip\n   reset             Reset current HEAD to the specified state\n   switch            Switch branches\n   tag               Create, list, delete or verify a tag object signed with GPG\n\ncollaborate (see also: git help workflows)\n   fetch             Download objects and refs from another repository\n   pull              Fetch from and integrate with another repository or a local branch\n   push              Update remote refs along with associated objects\n\n'git help -a' and 'git help -g' list available subcommands and some\nconcept guides. See 'git help <command>' or 'git help <concept>'\nto read about a specific subcommand or concept.\nSee 'git help git' for an overview of the system.\n""
[0m09:46:05.338931 [debug] [MainThread]: STDERR: "b''"
[0m09:46:05.343932 [debug] [MainThread]: Sending event: {'category': 'dbt', 'action': 'invocation', 'label': 'end', 'context': [<snowplow_tracker.self_describing_json.SelfDescribingJson object at 0x000001E92FB45848>, <snowplow_tracker.self_describing_json.SelfDescribingJson object at 0x000001E92FB45988>, <snowplow_tracker.self_describing_json.SelfDescribingJson object at 0x000001E92FB452C8>]}
[0m09:46:05.344926 [debug] [MainThread]: Flushing usage events
